<?xml version="1.0" encoding="UTF-8"?>
<!-- Generated by org.testng.reporters.JUnitXMLReporter -->
<testsuite ignored="0" hostname="LAPTOP-0KMM1L6H" failures="0" tests="4" name="Default test" time="32.368" errors="0" timestamp="2022-05-25T21:52:20 IST">
  <testcase classname="testCases.LoginTest" name="launchUrl" time="8.714"/>
  <testcase classname="testCases.LoginTest" name="login" time="6.734"/>
  <testcase classname="testCases.LoginTest" name="login" time="5.734"/>
  <testcase classname="testCases.LoginTest" name="login" time="7.772"/>
</testsuite> <!-- Default test -->
