<?xml version="1.0" encoding="UTF-8"?>
<!-- Generated by org.testng.reporters.JUnitXMLReporter -->
<testsuite ignored="0" hostname="LAPTOP-0KMM1L6H" failures="1" tests="4" name="Test" time="22.207" errors="0" timestamp="2022-05-27T20:55:35 IST">
  <testcase classname="testCases.LoginTest" name="launchUrl" time="2.996"/>
  <testcase classname="testCases.LoginTest" name="login" time="4.852"/>
  <testcase classname="testCases.LoginTest" name="login" time="4.664">
    <failure type="java.lang.AssertionError" message="expected [false] but found [true]">
      <![CDATA[java.lang.AssertionError: expected [false] but found [true]
at testCases.LoginTest.login(LoginTest.java:29)
at java.base/java.util.ArrayList.forEach(ArrayList.java:1511)
... Removed 33 stack frames]]>
    </failure>
  </testcase> <!-- login -->
  <testcase classname="testCases.LoginTest" name="login" time="7.1"/>
</testsuite> <!-- Test -->
